AdForest/app/build/intermediates/manifest_merge_blame_file/debug/manifest-merger-blame-debug-report.txt
1<?xml version="1.0" encoding="utf-8"?>
2<manifest xmlns:android="http://schemas.android.com/apk/res/android"
3    package="com.scriptsbundle.adforest"
4    android:versionCode="145"
5    android:versionName="1.0" >
6
7    <uses-sdk
7-->src\main\AndroidManifest.xml:6:5-70
8        android:minSdkVersion="21"
9        android:targetSdkVersion="34" />
10
11    <queries>
11-->src\main\AndroidManifest.xml:8:5-12:15
12        <intent>
12-->src\main\AndroidManifest.xml:9:9-11:18
13            <action android:name="android.media.action.IMAGE_CAPTURE" />
13-->src\main\AndroidManifest.xml:10:13-73
13-->src\main\AndroidManifest.xml:10:21-70
14        </intent>
15        <!-- Added to check if Chrome is installed for browser-based payment authentication (e.g. 3DS1). -->
16        <package android:name="com.android.chrome" /> <!-- Added to check the default browser that will host the AuthFlow. -->
16-->[com.stripe:payments-core:20.33.0] AndroidManifest.xml:11:9-54
16-->[com.stripe:payments-core:20.33.0] AndroidManifest.xml:11:18-51
17        <intent>
17-->[com.stripe:financial-connections:20.33.0] AndroidManifest.xml:13:9-17:18
18            <action android:name="android.intent.action.VIEW" />
18-->src\main\AndroidManifest.xml:121:17-69
18-->src\main\AndroidManifest.xml:121:25-66
19
20            <data android:scheme="http" />
20-->src\main\AndroidManifest.xml:117:17-119:46
20-->src\main\AndroidManifest.xml:119:21-43
21        </intent>
22
23        <package android:name="com.facebook.katana" />
23-->[com.facebook.android:facebook-common:14.1.1] AndroidManifest.xml:30:9-55
23-->[com.facebook.android:facebook-common:14.1.1] AndroidManifest.xml:30:18-52
24        <package android:name="com.venmo" />
24-->[com.braintreepayments.api:braintree-core:4.19.0] AndroidManifest.xml:15:9-45
24-->[com.braintreepayments.api:braintree-core:4.19.0] AndroidManifest.xml:15:18-42
25        <package android:name="com.paypal.android.p2pmobile" />
25-->[com.braintreepayments.api:braintree-core:4.19.0] AndroidManifest.xml:16:9-64
25-->[com.braintreepayments.api:braintree-core:4.19.0] AndroidManifest.xml:16:18-61
26
27        <intent>
27-->[com.braintreepayments.api:browser-switch:2.3.1] AndroidManifest.xml:10:9-16:18
28            <action android:name="android.intent.action.VIEW" />
28-->src\main\AndroidManifest.xml:121:17-69
28-->src\main\AndroidManifest.xml:121:25-66
29
30            <category android:name="android.intent.category.BROWSABLE" />
30-->src\main\AndroidManifest.xml:124:17-78
30-->src\main\AndroidManifest.xml:124:27-75
31
32            <data android:scheme="https" />
32-->src\main\AndroidManifest.xml:117:17-119:46
32-->src\main\AndroidManifest.xml:119:21-43
33        </intent>
34        <intent>
34-->[com.braintreepayments.api:browser-switch:2.3.1] AndroidManifest.xml:17:9-19:18
35            <action android:name="android.support.customtabs.action.CustomTabsService" />
35-->[com.braintreepayments.api:browser-switch:2.3.1] AndroidManifest.xml:18:13-90
35-->[com.braintreepayments.api:browser-switch:2.3.1] AndroidManifest.xml:18:21-87
36        </intent> <!-- Needs to be explicitly declared on Android R+ -->
37        <package android:name="com.google.android.apps.maps" />
37-->[com.google.android.gms:play-services-maps:18.1.0] AndroidManifest.xml:33:9-64
37-->[com.google.android.gms:play-services-maps:18.1.0] AndroidManifest.xml:33:18-61
38
39        <intent>
39-->[com.android.billingclient:billing:6.0.1] AndroidManifest.xml:13:9-15:18
40            <action android:name="com.android.vending.billing.InAppBillingService.BIND" />
40-->[com.android.billingclient:billing:6.0.1] AndroidManifest.xml:14:13-91
40-->[com.android.billingclient:billing:6.0.1] AndroidManifest.xml:14:21-88
41        </intent>
42    </queries> <!-- for card.io card scanning -->
43    <uses-feature
43-->src\main\AndroidManifest.xml:13:5-15:36
44        android:name="android.hardware.camera"
44-->src\main\AndroidManifest.xml:14:9-47
45        android:required="false" />
45-->src\main\AndroidManifest.xml:15:9-33
46    <uses-feature
46-->src\main\AndroidManifest.xml:16:5-18:36
47        android:name="android.hardware.camera.autofocus"
47-->src\main\AndroidManifest.xml:17:9-57
48        android:required="false" />
48-->src\main\AndroidManifest.xml:18:9-33
49
50    <uses-permission android:name="android.permission.VIBRATE" />
50-->src\main\AndroidManifest.xml:20:5-66
50-->src\main\AndroidManifest.xml:20:22-63
51    <uses-permission android:name="com.android.vending.BILLING" />
51-->src\main\AndroidManifest.xml:21:5-67
51-->src\main\AndroidManifest.xml:21:22-64
52    <uses-permission android:name="android.permission.CAMERA" />
52-->src\main\AndroidManifest.xml:22:5-65
52-->src\main\AndroidManifest.xml:22:22-62
53    <uses-permission android:name="android.permission.INTERNET" />
53-->src\main\AndroidManifest.xml:23:5-67
53-->src\main\AndroidManifest.xml:23:22-64
54    <uses-permission android:name="android.permission.ACCESS_NETWORK_STATE" /> <!-- <uses-permission android:name="android.permission.READ_EXTERNAL_STORAGE" /> -->
54-->src\main\AndroidManifest.xml:24:5-79
54-->src\main\AndroidManifest.xml:24:22-76
55    <uses-permission android:name="android.permission.ACCESS_WIFI_STATE" />
55-->src\main\AndroidManifest.xml:25:5-76
55-->src\main\AndroidManifest.xml:25:22-73
56    <uses-permission android:name="android.permission.CALL_PHONE" />
56-->src\main\AndroidManifest.xml:26:5-69
56-->src\main\AndroidManifest.xml:26:22-66
57    <uses-permission android:name="android.permission.ACCESS_FINE_LOCATION" />
57-->src\main\AndroidManifest.xml:27:5-79
57-->src\main\AndroidManifest.xml:27:22-76
58    <!-- <uses-permission -->
59    <!-- android:name="android.permission.WRITE_EXTERNAL_STORAGE" -->
60    <!-- android:maxSdkVersion="32" /> -->
61    <uses-permission android:name="android.permission.POST_NOTIFICATIONS" />
61-->src\main\AndroidManifest.xml:31:5-76
61-->src\main\AndroidManifest.xml:31:22-74
62    <uses-permission android:name="android.permission.READ_PHONE_STATE" />
62-->src\main\AndroidManifest.xml:33:5-75
62-->src\main\AndroidManifest.xml:33:22-72
63    <uses-permission android:name="com.google.android.gms.permission.AD_ID" />
63-->src\main\AndroidManifest.xml:34:5-79
63-->src\main\AndroidManifest.xml:34:22-76
64    <uses-permission android:name="android.permission.ACCESS_COARSE_LOCATION" />
64-->src\main\AndroidManifest.xml:35:5-81
64-->src\main\AndroidManifest.xml:35:22-78
65    <uses-permission android:name="android.permission.READ_MEDIA_IMAGES" />
65-->src\main\AndroidManifest.xml:36:5-76
65-->src\main\AndroidManifest.xml:36:22-73
66    <uses-permission
66-->src\main\AndroidManifest.xml:37:5-39:38
67        android:name="android.permission.READ_EXTERNAL_STORAGE"
67-->src\main\AndroidManifest.xml:38:9-64
68        android:maxSdkVersion="32" />
68-->src\main\AndroidManifest.xml:39:9-35
69    <uses-permission android:name="android.permission.MANAGE_DOCUMENTS" /> <!-- <queries> -->
69-->src\main\AndroidManifest.xml:40:5-42:47
69-->src\main\AndroidManifest.xml:41:9-59
70    <!-- <provider android:authorities="com.facebook.katana.provider.PlatformProvider" /> &lt;!&ndash; allows app to access Facebook app features &ndash;&gt; -->
71    <!-- <provider android:authorities="com.facebook.orca.provider.PlatformProvider" /> &lt;!&ndash; allows sharing to Messenger app &ndash;&gt; -->
72    <!-- </queries> -->
73    <queries>
73-->src\main\AndroidManifest.xml:8:5-12:15
74        <intent>
74-->src\main\AndroidManifest.xml:47:9-49:18
75            <action android:name="com.google.android.youtube.api.service.START" />
75-->src\main\AndroidManifest.xml:48:13-83
75-->src\main\AndroidManifest.xml:48:21-80
76        </intent>
77    </queries>
78
79    <supports-screens
79-->src\main\AndroidManifest.xml:51:5-57:47
80        android:compatibleWidthLimitDp="320"
80-->src\main\AndroidManifest.xml:57:9-45
81        android:largeScreens="true"
81-->src\main\AndroidManifest.xml:52:9-36
82        android:normalScreens="true"
82-->src\main\AndroidManifest.xml:53:9-37
83        android:resizeable="true"
83-->src\main\AndroidManifest.xml:54:9-34
84        android:smallScreens="true"
84-->src\main\AndroidManifest.xml:55:9-36
85        android:xlargeScreens="true" />
85-->src\main\AndroidManifest.xml:56:9-37
86
87    <uses-permission android:name="android.permission.WRITE_EXTERNAL_STORAGE" />
87-->[com.github.esafirm.android-image-picker:imagepicker:2.4.1] AndroidManifest.xml:12:5-81
87-->[com.github.esafirm.android-image-picker:imagepicker:2.4.1] AndroidManifest.xml:12:22-78
88
89    <uses-feature
89-->[com.google.android.gms:play-services-maps:18.1.0] AndroidManifest.xml:26:5-28:35
90        android:glEsVersion="0x00020000"
90-->[com.google.android.gms:play-services-maps:18.1.0] AndroidManifest.xml:27:9-41
91        android:required="true" />
91-->[com.google.android.gms:play-services-maps:18.1.0] AndroidManifest.xml:28:9-32
92    <uses-feature
92-->[com.mapbox.mapboxsdk:mapbox-android-sdk:8.4.0] AndroidManifest.xml:12:5-14:36
93        android:name="android.hardware.wifi"
93-->[com.mapbox.mapboxsdk:mapbox-android-sdk:8.4.0] AndroidManifest.xml:13:9-45
94        android:required="false" /> <!-- Optional permission for Analytics to run. -->
94-->[com.mapbox.mapboxsdk:mapbox-android-sdk:8.4.0] AndroidManifest.xml:14:9-33
95    <uses-permission android:name="android.permission.WAKE_LOCK" /> <!-- Required by older versions of Google Play services to create IID tokens -->
95-->[com.google.android.gms:play-services-analytics:18.0.3] AndroidManifest.xml:27:5-68
95-->[com.google.android.gms:play-services-analytics:18.0.3] AndroidManifest.xml:27:22-65
96    <uses-permission android:name="com.google.android.c2dm.permission.RECEIVE" />
96-->[com.google.firebase:firebase-messaging:23.2.1] AndroidManifest.xml:26:5-82
96-->[com.google.firebase:firebase-messaging:23.2.1] AndroidManifest.xml:26:22-79
97    <uses-permission android:name="android.permission.ACCESS_ADSERVICES_AD_ID" />
97-->[com.google.android.gms:play-services-ads-lite:22.4.0] AndroidManifest.xml:27:5-82
97-->[com.google.android.gms:play-services-ads-lite:22.4.0] AndroidManifest.xml:27:22-79
98    <uses-permission android:name="android.permission.ACCESS_ADSERVICES_ATTRIBUTION" />
98-->[com.google.android.gms:play-services-ads-lite:22.4.0] AndroidManifest.xml:28:5-88
98-->[com.google.android.gms:play-services-ads-lite:22.4.0] AndroidManifest.xml:28:22-85
99    <uses-permission android:name="android.permission.ACCESS_ADSERVICES_TOPICS" />
99-->[com.google.android.gms:play-services-ads-lite:22.4.0] AndroidManifest.xml:29:5-83
99-->[com.google.android.gms:play-services-ads-lite:22.4.0] AndroidManifest.xml:29:22-80
100    <uses-permission android:name="com.google.android.finsky.permission.BIND_GET_INSTALL_REFERRER_SERVICE" />
100-->[com.google.android.gms:play-services-measurement:21.1.1] AndroidManifest.xml:26:5-110
100-->[com.google.android.gms:play-services-measurement:21.1.1] AndroidManifest.xml:26:22-107
101    <uses-permission android:name="android.permission.FOREGROUND_SERVICE" />
101-->[androidx.work:work-runtime:2.8.1] AndroidManifest.xml:26:5-77
101-->[androidx.work:work-runtime:2.8.1] AndroidManifest.xml:26:22-74
102
103    <permission
103-->[androidx.core:core:1.10.0] AndroidManifest.xml:22:5-24:47
104        android:name="com.scriptsbundle.adforest.DYNAMIC_RECEIVER_NOT_EXPORTED_PERMISSION"
104-->[androidx.core:core:1.10.0] AndroidManifest.xml:23:9-81
105        android:protectionLevel="signature" />
105-->[androidx.core:core:1.10.0] AndroidManifest.xml:24:9-44
106
107    <uses-permission android:name="com.scriptsbundle.adforest.DYNAMIC_RECEIVER_NOT_EXPORTED_PERMISSION" />
107-->[androidx.core:core:1.10.0] AndroidManifest.xml:26:5-97
107-->[androidx.core:core:1.10.0] AndroidManifest.xml:26:22-94
108
109    <application
109-->src\main\AndroidManifest.xml:59:5-348:19
110        android:name="com.scriptsbundle.adforest.App"
110-->src\main\AndroidManifest.xml:60:9-28
111        android:allowBackup="true"
111-->src\main\AndroidManifest.xml:61:9-35
112        android:appComponentFactory="androidx.core.app.CoreComponentFactory"
112-->[androidx.core:core:1.10.0] AndroidManifest.xml:28:18-86
113        android:debuggable="true"
114        android:extractNativeLibs="true"
115        android:icon="@mipmap/ic_launcher"
115-->src\main\AndroidManifest.xml:62:9-43
116        android:label="@string/app_name"
116-->src\main\AndroidManifest.xml:63:9-41
117        android:largeHeap="true"
117-->src\main\AndroidManifest.xml:64:9-33
118        android:requestLegacyExternalStorage="true"
118-->src\main\AndroidManifest.xml:65:9-52
119        android:roundIcon="@mipmap/ic_launcher_round"
119-->src\main\AndroidManifest.xml:66:9-54
120        android:screenOrientation="portrait"
120-->src\main\AndroidManifest.xml:67:9-45
121        android:supportsRtl="true"
121-->src\main\AndroidManifest.xml:68:9-35
122        android:theme="@style/AppTheme"
122-->src\main\AndroidManifest.xml:69:9-40
123        android:usesCleartextTraffic="true" >
123-->src\main\AndroidManifest.xml:70:9-44
124        <provider
124-->src\main\AndroidManifest.xml:71:9-81:20
125            android:name="androidx.core.content.FileProvider"
125-->src\main\AndroidManifest.xml:72:13-62
126            android:authorities="com.scriptsbundle.adforest.fileprovider"
126-->src\main\AndroidManifest.xml:73:13-74
127            android:exported="false"
127-->src\main\AndroidManifest.xml:74:13-37
128            android:grantUriPermissions="true" >
128-->src\main\AndroidManifest.xml:75:13-47
129            <meta-data
129-->src\main\AndroidManifest.xml:76:13-79:19
130                android:name="android.support.FILE_PROVIDER_PATHS"
130-->src\main\AndroidManifest.xml:77:17-67
131                android:resource="@xml/fileprovider" />
131-->src\main\AndroidManifest.xml:78:17-53
132        </provider>
133
134        <activity
134-->src\main\AndroidManifest.xml:82:9-84:40
135            android:name="com.scriptsbundle.adforest.profile.BlockedAds"
135-->src\main\AndroidManifest.xml:83:13-47
136            android:exported="false" />
136-->src\main\AndroidManifest.xml:84:13-37
137        <activity
137-->src\main\AndroidManifest.xml:85:9-91:20
138            android:name="com.scriptsbundle.adforest.signinorup.UserConsent"
138-->src\main\AndroidManifest.xml:86:13-51
139            android:exported="false" >
139-->src\main\AndroidManifest.xml:87:13-37
140            <meta-data
140-->src\main\AndroidManifest.xml:88:13-90:36
141                android:name="android.app.lib_name"
141-->src\main\AndroidManifest.xml:89:17-52
142                android:value="" />
142-->src\main\AndroidManifest.xml:90:17-33
143        </activity>
144        <activity
144-->src\main\AndroidManifest.xml:92:9-95:59
145            android:name="com.scriptsbundle.adforest.packages.PayStackActivity"
145-->src\main\AndroidManifest.xml:93:13-54
146            android:screenOrientation="nosensor"
146-->src\main\AndroidManifest.xml:94:13-49
147            android:theme="@style/AppTheme.NoActionBar" />
147-->src\main\AndroidManifest.xml:95:13-56
148        <activity
148-->src\main\AndroidManifest.xml:96:9-98:59
149            android:name="com.scriptsbundle.adforest.utills.WebViewActivity"
149-->src\main\AndroidManifest.xml:97:13-51
150            android:theme="@style/AppTheme.NoActionBar" />
150-->src\main\AndroidManifest.xml:98:13-56
151        <activity
151-->src\main\AndroidManifest.xml:99:9-102:58
152            android:name="com.scriptsbundle.adforest.utills.OTPVerification"
152-->src\main\AndroidManifest.xml:100:13-51
153            android:theme="@style/AppTheme.NoActionBar"
153-->src\main\AndroidManifest.xml:101:13-56
154            android:windowSoftInputMode="adjustResize" />
154-->src\main\AndroidManifest.xml:102:13-55
155        <activity
155-->src\main\AndroidManifest.xml:103:9-105:59
156            android:name="com.scriptsbundle.adforest.messages.WhizzChat.View.WhizzChatScreen"
156-->src\main\AndroidManifest.xml:104:13-68
157            android:theme="@style/AppTheme.NoActionBar" />
157-->src\main\AndroidManifest.xml:105:13-56
158        <activity
158-->src\main\AndroidManifest.xml:106:9-108:59
159            android:name="com.scriptsbundle.adforest.home.ChooseLocationActivity"
159-->src\main\AndroidManifest.xml:107:13-56
160            android:theme="@style/AppTheme.NoActionBar" />
160-->src\main\AndroidManifest.xml:108:13-56
161        <activity
161-->src\main\AndroidManifest.xml:109:9-111:59
162            android:name="com.scriptsbundle.adforest.messages.WhizzChat.View.WhizzChatList"
162-->src\main\AndroidManifest.xml:110:13-66
163            android:theme="@style/AppTheme.NoActionBar" />
163-->src\main\AndroidManifest.xml:111:13-56
164        <activity android:name="com.scriptsbundle.adforest.packages.AuthorizeNet" />
164-->src\main\AndroidManifest.xml:112:9-59
164-->src\main\AndroidManifest.xml:112:19-56
165        <activity
165-->src\main\AndroidManifest.xml:113:9-126:20
166            android:name="com.scriptsbundle.adforest.LinkedIn.LinkedInAuthenticationActivity"
166-->src\main\AndroidManifest.xml:114:13-68
167            android:exported="true" >
167-->src\main\AndroidManifest.xml:115:13-36
168            <intent-filter>
168-->src\main\AndroidManifest.xml:116:13-125:29
169                <data
169-->src\main\AndroidManifest.xml:117:17-119:46
170                    android:host="myapp.app"
170-->src\main\AndroidManifest.xml:118:21-45
171                    android:scheme="myapp" />
171-->src\main\AndroidManifest.xml:119:21-43
172
173                <action android:name="android.intent.action.VIEW" />
173-->src\main\AndroidManifest.xml:121:17-69
173-->src\main\AndroidManifest.xml:121:25-66
174
175                <category android:name="android.intent.category.DEFAULT" />
175-->src\main\AndroidManifest.xml:123:17-76
175-->src\main\AndroidManifest.xml:123:27-73
176                <category android:name="android.intent.category.BROWSABLE" />
176-->src\main\AndroidManifest.xml:124:17-78
176-->src\main\AndroidManifest.xml:124:27-75
177            </intent-filter>
178        </activity>
179        <activity
179-->src\main\AndroidManifest.xml:127:9-129:59
180            android:name="com.scriptsbundle.adforest.packages.WorldPayIntegration"
180-->src\main\AndroidManifest.xml:128:13-57
181            android:theme="@style/AppTheme.NoActionBar" />
181-->src\main\AndroidManifest.xml:129:13-56
182        <activity android:name="com.scriptsbundle.adforest.packages.PayHereIntegration" />
182-->src\main\AndroidManifest.xml:130:9-65
182-->src\main\AndroidManifest.xml:130:19-62
183        <activity
183-->src\main\AndroidManifest.xml:131:9-135:55
184            android:name="com.scriptsbundle.adforest.home.ChooseLanguageActivity"
184-->src\main\AndroidManifest.xml:132:13-56
185            android:screenOrientation="nosensor"
185-->src\main\AndroidManifest.xml:133:13-49
186            android:theme="@style/AppTheme.NoActionBar"
186-->src\main\AndroidManifest.xml:134:13-56
187            android:windowSoftInputMode="adjustPan" />
187-->src\main\AndroidManifest.xml:135:13-52
188        <activity
188-->src\main\AndroidManifest.xml:136:9-154:20
189            android:name="com.scriptsbundle.adforest.SplashScreen"
189-->src\main\AndroidManifest.xml:137:13-41
190            android:exported="true"
190-->src\main\AndroidManifest.xml:138:13-36
191            android:screenOrientation="nosensor" >
191-->src\main\AndroidManifest.xml:139:13-49
192            <intent-filter>
192-->src\main\AndroidManifest.xml:140:13-144:29
193                <action android:name="android.intent.action.MAIN" />
193-->src\main\AndroidManifest.xml:141:17-69
193-->src\main\AndroidManifest.xml:141:25-66
194
195                <category android:name="android.intent.category.LAUNCHER" />
195-->src\main\AndroidManifest.xml:143:17-77
195-->src\main\AndroidManifest.xml:143:27-74
196            </intent-filter>
197            <!-- Define your custom URL scheme -->
198            <!-- <intent-filter> -->
199            <!-- <action android:name="android.intent.action.VIEW" /> -->
200            <!-- <category android:name="android.intent.category.DEFAULT" /> -->
201            <!-- <category android:name="android.intent.category.BROWSABLE" /> -->
202            <!-- <data -->
203            <!-- android:scheme="myapp" -->
204            <!-- android:host="open" /> -->
205            <!-- </intent-filter> -->
206        </activity>
207        <activity
207-->src\main\AndroidManifest.xml:155:9-157:52
208            android:name="com.scriptsbundle.adforest.signinorup.MainActivity"
208-->src\main\AndroidManifest.xml:156:13-52
209            android:screenOrientation="nosensor" />
209-->src\main\AndroidManifest.xml:157:13-49
210        <activity
210-->src\main\AndroidManifest.xml:158:9-161:48
211            android:name="com.facebook.FacebookActivity"
211-->src\main\AndroidManifest.xml:159:13-57
212            android:configChanges="keyboard|keyboardHidden|screenLayout|screenSize|orientation"
212-->src\main\AndroidManifest.xml:160:13-96
213            android:label="@string/app_name"
213-->src\main\AndroidManifest.xml:161:13-45
214            android:theme="@style/com_facebook_activity_theme" />
214-->[com.facebook.android:facebook-common:14.1.1] AndroidManifest.xml:37:13-63
215        <activity
215-->src\main\AndroidManifest.xml:162:9-173:20
216            android:name="com.facebook.CustomTabActivity"
216-->src\main\AndroidManifest.xml:163:13-58
217            android:exported="true" >
217-->src\main\AndroidManifest.xml:164:13-36
218            <intent-filter>
218-->src\main\AndroidManifest.xml:165:13-172:29
219                <action android:name="android.intent.action.VIEW" />
219-->src\main\AndroidManifest.xml:121:17-69
219-->src\main\AndroidManifest.xml:121:25-66
220
221                <category android:name="android.intent.category.DEFAULT" />
221-->src\main\AndroidManifest.xml:123:17-76
221-->src\main\AndroidManifest.xml:123:27-73
222                <category android:name="android.intent.category.BROWSABLE" />
222-->src\main\AndroidManifest.xml:124:17-78
222-->src\main\AndroidManifest.xml:124:27-75
223
224                <data android:scheme="@string/fb_login_protocol_scheme" />
224-->src\main\AndroidManifest.xml:117:17-119:46
224-->src\main\AndroidManifest.xml:119:21-43
225            </intent-filter>
226            <intent-filter>
226-->[com.facebook.android:facebook-common:14.1.1] AndroidManifest.xml:43:13-52:29
227                <action android:name="android.intent.action.VIEW" />
227-->src\main\AndroidManifest.xml:121:17-69
227-->src\main\AndroidManifest.xml:121:25-66
228
229                <category android:name="android.intent.category.DEFAULT" />
229-->src\main\AndroidManifest.xml:123:17-76
229-->src\main\AndroidManifest.xml:123:27-73
230                <category android:name="android.intent.category.BROWSABLE" />
230-->src\main\AndroidManifest.xml:124:17-78
230-->src\main\AndroidManifest.xml:124:27-75
231
232                <data
232-->src\main\AndroidManifest.xml:117:17-119:46
233                    android:host="cct.com.scriptsbundle.adforest"
233-->src\main\AndroidManifest.xml:118:21-45
234                    android:scheme="fbconnect" />
234-->src\main\AndroidManifest.xml:119:21-43
235            </intent-filter>
236        </activity>
237        <activity
237-->src\main\AndroidManifest.xml:174:9-186:20
238            android:name="com.scriptsbundle.adforest.home.HomeActivity"
238-->src\main\AndroidManifest.xml:175:13-46
239            android:exported="true"
239-->src\main\AndroidManifest.xml:176:13-36
240            android:screenOrientation="nosensor"
240-->src\main\AndroidManifest.xml:177:13-49
241            android:theme="@style/AppTheme.NoActionBar"
241-->src\main\AndroidManifest.xml:178:13-56
242            android:uiOptions="splitActionBarWhenNarrow"
242-->src\main\AndroidManifest.xml:179:13-57
243            android:windowSoftInputMode="adjustPan" >
243-->src\main\AndroidManifest.xml:180:13-52
244            <intent-filter>
244-->src\main\AndroidManifest.xml:181:13-185:29
245                <action android:name="android.intent.action.SEND" />
245-->src\main\AndroidManifest.xml:182:17-69
245-->src\main\AndroidManifest.xml:182:25-66
246
247                <category android:name="android.intent.category.DEFAULT" />
247-->src\main\AndroidManifest.xml:123:17-76
247-->src\main\AndroidManifest.xml:123:27-73
248            </intent-filter>
249        </activity>
250        <activity
250-->src\main\AndroidManifest.xml:187:9-196:20
251            android:name="com.scriptsbundle.adforest.Search.SearchActivity"
251-->src\main\AndroidManifest.xml:188:13-50
252            android:exported="true"
252-->src\main\AndroidManifest.xml:189:13-36
253            android:screenOrientation="nosensor"
253-->src\main\AndroidManifest.xml:190:13-49
254            android:theme="@style/AppTheme.NoActionBar"
254-->src\main\AndroidManifest.xml:191:13-56
255            android:windowSoftInputMode="adjustPan" >
255-->src\main\AndroidManifest.xml:192:13-52
256            <meta-data
256-->src\main\AndroidManifest.xml:193:13-195:80
257                android:name="android.support.PARENT_ACTIVITY"
257-->src\main\AndroidManifest.xml:194:17-63
258                android:value="com.scriptsbundle.adforest.home.HomeActivity" />
258-->src\main\AndroidManifest.xml:195:17-77
259        </activity>
260        <activity
260-->src\main\AndroidManifest.xml:197:9-205:20
261            android:name="com.scriptsbundle.adforest.messages.Message"
261-->src\main\AndroidManifest.xml:198:13-45
262            android:exported="true"
262-->src\main\AndroidManifest.xml:199:13-36
263            android:screenOrientation="nosensor"
263-->src\main\AndroidManifest.xml:200:13-49
264            android:theme="@style/AppTheme.NoActionBar" >
264-->src\main\AndroidManifest.xml:201:13-56
265            <meta-data
265-->src\main\AndroidManifest.xml:193:13-195:80
266                android:name="android.support.PARENT_ACTIVITY"
266-->src\main\AndroidManifest.xml:194:17-63
267                android:value="com.scriptsbundle.adforest.home.HomeActivity" />
267-->src\main\AndroidManifest.xml:195:17-77
268        </activity>
269        <activity
269-->src\main\AndroidManifest.xml:206:9-215:20
270            android:name="com.scriptsbundle.adforest.messages.ChatActivity"
270-->src\main\AndroidManifest.xml:207:13-50
271            android:exported="true"
271-->src\main\AndroidManifest.xml:208:13-36
272            android:parentActivityName="com.scriptsbundle.adforest.messages.Message"
272-->src\main\AndroidManifest.xml:209:13-59
273            android:screenOrientation="nosensor"
273-->src\main\AndroidManifest.xml:210:13-49
274            android:theme="@style/AppTheme.NoActionBar" >
274-->src\main\AndroidManifest.xml:211:13-56
275            <meta-data
275-->src\main\AndroidManifest.xml:193:13-195:80
276                android:name="android.support.PARENT_ACTIVITY"
276-->src\main\AndroidManifest.xml:194:17-63
277                android:value="com.scriptsbundle.adforest.messages.Message" />
277-->src\main\AndroidManifest.xml:195:17-77
278        </activity>
279        <activity
279-->src\main\AndroidManifest.xml:216:9-225:20
280            android:name="com.scriptsbundle.adforest.home.AddNewAdPost"
280-->src\main\AndroidManifest.xml:217:13-46
281            android:exported="true"
281-->src\main\AndroidManifest.xml:218:13-36
282            android:parentActivityName="com.scriptsbundle.adforest.home.HomeActivity"
282-->src\main\AndroidManifest.xml:219:13-60
283            android:screenOrientation="nosensor"
283-->src\main\AndroidManifest.xml:220:13-49
284            android:theme="@style/AppTheme.NoActionBar" >
284-->src\main\AndroidManifest.xml:221:13-56
285            <meta-data
285-->src\main\AndroidManifest.xml:193:13-195:80
286                android:name="android.support.PARENT_ACTIVITY"
286-->src\main\AndroidManifest.xml:194:17-63
287                android:value="com.scriptsbundle.adforest.home.HomeActivity" />
287-->src\main\AndroidManifest.xml:195:17-77
288        </activity>
289        <activity
289-->src\main\AndroidManifest.xml:226:9-235:20
290            android:name="com.scriptsbundle.adforest.home.EditAdPost"
290-->src\main\AndroidManifest.xml:227:13-44
291            android:exported="true"
291-->src\main\AndroidManifest.xml:228:13-36
292            android:parentActivityName="com.scriptsbundle.adforest.home.HomeActivity"
292-->src\main\AndroidManifest.xml:229:13-60
293            android:screenOrientation="nosensor"
293-->src\main\AndroidManifest.xml:230:13-49
294            android:theme="@style/AppTheme.NoActionBar" >
294-->src\main\AndroidManifest.xml:231:13-56
295            <meta-data
295-->src\main\AndroidManifest.xml:193:13-195:80
296                android:name="android.support.PARENT_ACTIVITY"
296-->src\main\AndroidManifest.xml:194:17-63
297                android:value="com.scriptsbundle.adforest.home.HomeActivity" />
297-->src\main\AndroidManifest.xml:195:17-77
298        </activity>
299        <activity
299-->src\main\AndroidManifest.xml:236:9-240:72
300            android:name="com.scriptsbundle.adforest.packages.Thankyou"
300-->src\main\AndroidManifest.xml:237:13-46
301            android:exported="true"
301-->src\main\AndroidManifest.xml:238:13-36
302            android:screenOrientation="nosensor"
302-->src\main\AndroidManifest.xml:239:13-49
303            android:theme="@style/Theme.AppCompat.Light.NoActionBar" />
303-->src\main\AndroidManifest.xml:240:13-69
304        <activity
304-->src\main\AndroidManifest.xml:241:9-251:20
305            android:name="com.scriptsbundle.adforest.ad_detail.Ad_detail_activity"
305-->src\main\AndroidManifest.xml:242:13-57
306            android:exported="true"
306-->src\main\AndroidManifest.xml:243:13-36
307            android:parentActivityName="com.scriptsbundle.adforest.home.HomeActivity"
307-->src\main\AndroidManifest.xml:244:13-60